<?xml version="1.0" encoding="UTF-8" ?>
<testsuite tests="52" failures="0" name="com.williamngo.test.EvaluatorTest" time="0.111" errors="0" skipped="0">
  <properties>
[...]
</properties>
  <testcase classname="com.williamngo.test.EvaluatorTest" name="evaluatePostfixTest[0]" time="0.021"/>
  <testcase classname="com.williamngo.test.EvaluatorTest" name="convertToPostfixTest[0]" time="0"/>
  <testcase classname="com.williamngo.test.EvaluatorTest" name="evaluatePostfixTest[1]" time="0"/>
  <testcase classname="com.williamngo.test.EvaluatorTest" name="convertToPostfixTest[1]" time="0.001"/>
  <testcase classname="com.williamngo.test.EvaluatorTest" name="evaluatePostfixTest[2]" time="0"/>
  <testcase classname="com.williamngo.test.EvaluatorTest" name="convertToPostfixTest[2]" time="0"/>
  <testcase classname="com.williamngo.test.EvaluatorTest" name="evaluatePostfixTest[3]" time="0"/>
  <testcase classname="com.williamngo.test.EvaluatorTest" name="convertToPostfixTest[3]" time="0"/>
  <testcase classname="com.williamngo.test.EvaluatorTest" name="evaluatePostfixTest[4]" time="0"/>
  <testcase classname="com.williamngo.test.EvaluatorTest" name="convertToPostfixTest[4]" time="0"/>
  <testcase classname="com.williamngo.test.EvaluatorTest" name="evaluatePostfixTest[5]" time="0.001"/>
  <testcase classname="com.williamngo.test.EvaluatorTest" name="convertToPostfixTest[5]" time="0"/>
  <testcase classname="com.williamngo.test.EvaluatorTest" name="evaluatePostfixTest[6]" time="0"/>
  <testcase classname="com.williamngo.test.EvaluatorTest" name="convertToPostfixTest[6]" time="0"/>
  <testcase classname="com.williamngo.test.EvaluatorTest" name="evaluatePostfixTest[7]" time="0"/>
  <testcase classname="com.williamngo.test.EvaluatorTest" name="convertToPostfixTest[7]" time="0"/>
  <testcase classname="com.williamngo.test.EvaluatorTest" name="evaluatePostfixTest[8]" time="0"/>
  <testcase classname="com.williamngo.test.EvaluatorTest" name="convertToPostfixTest[8]" time="0"/>
  <testcase classname="com.williamngo.test.EvaluatorTest" name="evaluatePostfixTest[9]" time="0.001"/>
  <testcase classname="com.williamngo.test.EvaluatorTest" name="convertToPostfixTest[9]" time="0"/>
  <testcase classname="com.williamngo.test.EvaluatorTest" name="evaluatePostfixTest[10]" time="0.001"/>
  <testcase classname="com.williamngo.test.EvaluatorTest" name="convertToPostfixTest[10]" time="0"/>
  <testcase classname="com.williamngo.test.EvaluatorTest" name="evaluatePostfixTest[11]" time="0.001"/>
  <testcase classname="com.williamngo.test.EvaluatorTest" name="convertToPostfixTest[11]" time="0"/>
  <testcase classname="com.williamngo.test.EvaluatorTest" name="evaluatePostfixTest[12]" time="0.001"/>
  <testcase classname="com.williamngo.test.EvaluatorTest" name="convertToPostfixTest[12]" time="0"/>
  <testcase classname="com.williamngo.test.EvaluatorTest" name="evaluatePostfixTest[13]" time="0.001"/>
  <testcase classname="com.williamngo.test.EvaluatorTest" name="convertToPostfixTest[13]" time="0"/>
  <testcase classname="com.williamngo.test.EvaluatorTest" name="evaluatePostfixTest[14]" time="0.001"/>
  <testcase classname="com.williamngo.test.EvaluatorTest" name="convertToPostfixTest[14]" time="0"/>
  <testcase classname="com.williamngo.test.EvaluatorTest" name="evaluatePostfixTest[15]" time="0.001"/>
  <testcase classname="com.williamngo.test.EvaluatorTest" name="convertToPostfixTest[15]" time="0.001"/>
  <testcase classname="com.williamngo.test.EvaluatorTest" name="evaluatePostfixTest[16]" time="0"/>
  <testcase classname="com.williamngo.test.EvaluatorTest" name="convertToPostfixTest[16]" time="0"/>
  <testcase classname="com.williamngo.test.EvaluatorTest" name="evaluatePostfixTest[17]" time="0"/>
  <testcase classname="com.williamngo.test.EvaluatorTest" name="convertToPostfixTest[17]" time="0"/>
  <testcase classname="com.williamngo.test.EvaluatorTest" name="evaluatePostfixTest[18]" time="0.001"/>
  <testcase classname="com.williamngo.test.EvaluatorTest" name="convertToPostfixTest[18]" time="0"/>
  <testcase classname="com.williamngo.test.EvaluatorTest" name="evaluatePostfixTest[19]" time="0"/>
  <testcase classname="com.williamngo.test.EvaluatorTest" name="convertToPostfixTest[19]" time="0.001"/>
  <testcase classname="com.williamngo.test.EvaluatorTest" name="evaluatePostfixTest[20]" time="0"/>
  <testcase classname="com.williamngo.test.EvaluatorTest" name="convertToPostfixTest[20]" time="0"/>
  <testcase classname="com.williamngo.test.EvaluatorTest" name="evaluatePostfixTest[21]" time="0.001"/>
  <testcase classname="com.williamngo.test.EvaluatorTest" name="convertToPostfixTest[21]" time="0"/>
  <testcase classname="com.williamngo.test.EvaluatorTest" name="evaluatePostfixTest[22]" time="0.001"/>
  <testcase classname="com.williamngo.test.EvaluatorTest" name="convertToPostfixTest[22]" time="0"/>
  <testcase classname="com.williamngo.test.EvaluatorTest" name="evaluatePostfixTest[23]" time="0"/>
  <testcase classname="com.williamngo.test.EvaluatorTest" name="convertToPostfixTest[23]" time="0"/>
  <testcase classname="com.williamngo.test.EvaluatorTest" name="evaluatePostfixTest[24]" time="0.001"/>
  <testcase classname="com.williamngo.test.EvaluatorTest" name="convertToPostfixTest[24]" time="0"/>
  <testcase classname="com.williamngo.test.EvaluatorTest" name="evaluatePostfixTest[25]" time="0.001"/>
  <testcase classname="com.williamngo.test.EvaluatorTest" name="convertToPostfixTest[25]" time="0"/>
</testsuite>